<?xml version="1.0" encoding="UTF-8"?>
<testng-results ignored="6" total="7" passed="1" failed="0" skipped="0">
  <reporter-output>
  </reporter-output>
  <suite started-at="2026-04-17T16:32:35 IST" name="Default suite" finished-at="2026-04-17T16:32:45 IST" duration-ms="10391">
    <groups>
    </groups>
    <test started-at="2026-04-17T16:32:35 IST" name="Default test" finished-at="2026-04-17T16:32:45 IST" duration-ms="10391">
      <class name="HRM.directory">
        <test-method is-config="true" signature="setUp()[pri:0, instance:HRM.directory@7dcf94f8]" started-at="2026-04-17T16:32:35 IST" name="setUp" finished-at="2026-04-17T16:32:43 IST" duration-ms="8210" status="PASS">
          <reporter-output>
          </reporter-output>
        </test-method> <!-- setUp -->
        <test-method signature="verifyPageTitle()[pri:1, instance:HRM.directory@7dcf94f8]" started-at="2026-04-17T16:32:43 IST" name="verifyPageTitle" finished-at="2026-04-17T16:32:43 IST" duration-ms="109" status="PASS">
          <reporter-output>
          </reporter-output>
        </test-method> <!-- verifyPageTitle -->
        <test-method is-config="true" signature="tearDown()[pri:0, instance:HRM.directory@7dcf94f8]" started-at="2026-04-17T16:32:43 IST" name="tearDown" finished-at="2026-04-17T16:32:45 IST" duration-ms="1980" status="PASS">
          <reporter-output>
          </reporter-output>
        </test-method> <!-- tearDown -->
      </class> <!-- HRM.directory -->
    </test> <!-- Default test -->
  </suite> <!-- Default suite -->
</testng-results>
