<?xml version="1.0" encoding="UTF-8"?>
<!-- Generated by org.testng.reporters.JUnitXMLReporter -->
<testsuite ignored="0" hostname="IBM-25NRR24" failures="1" tests="5" name="Activities" time="11.444" errors="0" timestamp="2026-04-17T11:40:23 IST">
  <testcase classname="HRM.titlecheck" name="verifyPageTitle" time="0.037"/>
  <testcase classname="HRM.directory" name="verifyPageTitle" time="0.072"/>
  <testcase classname="HRM.directory" name="navigatetodirectory" time="0.057">
    <failure type="org.openqa.selenium.NoSuchElementException" message="Unable to locate element: #menu_directory_viewDirectory
For documentation on this error, please visit: https://www.selenium.dev/documentation/webdriver/troubleshooting/errors#nosuchelementexception
Build info: version: &amp;apos;4.40.0&amp;apos;, revision: &amp;apos;b3333f1&amp;apos;
System info: os.name: &amp;apos;Windows 11&amp;apos;, os.arch: &amp;apos;amd64&amp;apos;, os.version: &amp;apos;10.0&amp;apos;, java.version: &amp;apos;21.0.10&amp;apos;
Driver info: org.openqa.selenium.firefox.FirefoxDriver
Command: [5115a59b-f214-4a47-916b-ffa315726521, findElement {value=menu_directory_viewDirectory, using=id}]
Capabilities {acceptInsecureCerts: true, browserName: firefox, browserVersion: 149.0.2, moz:accessibilityChecks: false, moz:buildID: 20260403140140, moz:geckodriverVersion: 0.36.0, moz:headless: false, moz:platformVersion: 10.0, moz:processID: 38240, moz:profile: C:\Users\BODDAP~1\AppData\L..., moz:shutdownTimeout: 60000, moz:webdriverClick: true, moz:windowless: false, pageLoadStrategy: normal, platformName: windows, proxy: Proxy(), setWindowRect: true, strictFileInteractability: false, timeouts: {implicit: 0, pageLoad: 300000, script: 30000}, unhandledPromptBehavior: dismiss and notify, userAgent: Mozilla/5.0 (Windows NT 10....}
Session ID: 5115a59b-f214-4a47-916b-ffa315726521">
      <![CDATA[org.openqa.selenium.NoSuchElementException: Unable to locate element: #menu_directory_viewDirectory
For documentation on this error, please visit: https://www.selenium.dev/documentation/webdriver/troubleshooting/errors#nosuchelementexception
Build info: version: '4.40.0', revision: 'b3333f1'
System info: os.name: 'Windows 11', os.arch: 'amd64', os.version: '10.0', java.version: '21.0.10'
Driver info: org.openqa.selenium.firefox.FirefoxDriver
Command: [5115a59b-f214-4a47-916b-ffa315726521, findElement {value=menu_directory_viewDirectory, using=id}]
Capabilities {acceptInsecureCerts: true, browserName: firefox, browserVersion: 149.0.2, moz:accessibilityChecks: false, moz:buildID: 20260403140140, moz:geckodriverVersion: 0.36.0, moz:headless: false, moz:platformVersion: 10.0, moz:processID: 38240, moz:profile: C:\Users\BODDAP~1\AppData\L..., moz:shutdownTimeout: 60000, moz:webdriverClick: true, moz:windowless: false, pageLoadStrategy: normal, platformName: windows, proxy: Proxy(), setWindowRect: true, strictFileInteractability: false, timeouts: {implicit: 0, pageLoad: 300000, script: 30000}, unhandledPromptBehavior: dismiss and notify, userAgent: Mozilla/5.0 (Windows NT 10....}
Session ID: 5115a59b-f214-4a47-916b-ffa315726521
at org.openqa.selenium.remote.ErrorCodec.decode(ErrorCodec.java:169)
at org.openqa.selenium.remote.codec.w3c.W3CHttpResponseCodec.decode(W3CHttpResponseCodec.java:142)
at org.openqa.selenium.remote.codec.w3c.W3CHttpResponseCodec.decode(W3CHttpResponseCodec.java:49)
at org.openqa.selenium.remote.HttpCommandExecutor.execute(HttpCommandExecutor.java:223)
at org.openqa.selenium.remote.service.DriverCommandExecutor.invokeExecute(DriverCommandExecutor.java:216)
at org.openqa.selenium.remote.service.DriverCommandExecutor.execute(DriverCommandExecutor.java:174)
at org.openqa.selenium.remote.RemoteWebDriver.execute(RemoteWebDriver.java:601)
at org.openqa.selenium.remote.ElementLocation$ElementFinder$2.findElement(ElementLocation.java:166)
at org.openqa.selenium.remote.ElementLocation.findElement(ElementLocation.java:67)
at org.openqa.selenium.remote.RemoteWebDriver.findElement(RemoteWebDriver.java:424)
at org.openqa.selenium.remote.RemoteWebDriver.findElement(RemoteWebDriver.java:418)
at HRM.directory.navigatetodirectory(directory.java:39)
at java.base/java.util.concurrent.Executors$RunnableAdapter.call(Executors.java:572)
at java.base/java.util.concurrent.FutureTask.run(FutureTask.java:317)
at java.base/java.util.concurrent.ThreadPoolExecutor.runWorker(ThreadPoolExecutor.java:1144)
at java.base/java.util.concurrent.ThreadPoolExecutor$Worker.run(ThreadPoolExecutor.java:642)
at java.base/java.lang.Thread.run(Thread.java:1583)
... Removed 11 stack frames]]>
    </failure>
  </testcase> <!-- navigatetodirectory -->
  <testcase classname="HRM.login" name="checkInvalidCredentils" time="0.631"/>
  <testcase classname="HRM.login" name="checkValidCredentils" time="1.615"/>
</testsuite> <!-- Activities -->
