<?xml version="1.0" encoding="UTF-8"?>
<!-- Generated by org.testng.reporters.JUnitReportReporter -->
<testsuite hostname="IBM-25NRR24" failures="0" tests="4" name="activities.TestActivity5" time="4.678" errors="0" timestamp="2026-04-15T16:44:26 IST" skipped="0">
  <testcase classname="activities.TestActivity5" name="testSimpleForm" time="1.271"/>
  <testcase classname="activities.TestActivity5" name="testSimpleForm" time="2.402"/>
  <testcase classname="activities.TestActivity5" name="testSimpleForm" time="0.999"/>
  <testcase classname="activities.TestActivity5" name="verifyPageTitle" time="0.006"/>
</testsuite> <!-- activities.TestActivity5 -->
