<?xml version="1.0" encoding="UTF-8"?>
<!-- Generated by org.testng.reporters.JUnitXMLReporter -->
<testsuite ignored="0" hostname="IBM-25NRR24" failures="0" tests="5" name="Activities" time="11.558" errors="0" timestamp="2026-04-15T12:38:14 IST">
  <testcase classname="activities.TestActivity2" name="verifyPageTitle" time="0.032"/>
  <testcase classname="activities.TestActivity1" name="verifyPageTitle" time="0.08"/>
  <testcase classname="activities.TestActivity1" name="testRedirect" time="0.647"/>
  <testcase classname="activities.TestActivity2" name="testInvalidLogin" time="1.378"/>
  <testcase classname="activities.TestActivity2" name="testValidLogin" time="1.792"/>
</testsuite> <!-- Activities -->
