<?xml version="1.0" encoding="UTF-8"?>
<testng-results ignored="0" total="4" passed="4" failed="0" skipped="0">
  <reporter-output>
  </reporter-output>
  <suite started-at="2026-04-15T16:44:11 IST" name="Default suite" finished-at="2026-04-15T16:44:26 IST" duration-ms="14398">
    <groups>
    </groups>
    <test started-at="2026-04-15T16:44:11 IST" name="Default test" finished-at="2026-04-15T16:44:26 IST" duration-ms="14398">
      <class name="activities.TestActivity5">
        <test-method is-config="true" signature="setUp()[pri:0, instance:activities.TestActivity5@489115ef]" started-at="2026-04-15T16:44:11 IST" name="setUp" finished-at="2026-04-15T16:44:18 IST" duration-ms="6505" status="PASS">
          <reporter-output>
          </reporter-output>
        </test-method> <!-- setUp -->
        <test-method signature="testSimpleForm(java.util.List)[pri:0, instance:activities.TestActivity5@489115ef]" started-at="2026-04-15T16:44:20 IST" name="testSimpleForm" data-provider="Users" finished-at="2026-04-15T16:44:22 IST" duration-ms="2402" status="PASS">
          <params>
            <param index="0">
              <value>
                <![CDATA[[Satvik Shah, satshah@example.com, "2025-01-26", Republic Day]]]>
              </value>
            </param>
          </params>
          <reporter-output>
          </reporter-output>
        </test-method> <!-- testSimpleForm -->
        <test-method signature="testSimpleForm(java.util.List)[pri:0, instance:activities.TestActivity5@489115ef]" started-at="2026-04-15T16:44:22 IST" name="testSimpleForm" data-provider="Users" finished-at="2026-04-15T16:44:24 IST" duration-ms="1271" status="PASS">
          <params>
            <param index="0">
              <value>
                <![CDATA[[Avinash Kati, avinashK@example.com, "2025-04-05", Birthday]]]>
              </value>
            </param>
          </params>
          <reporter-output>
          </reporter-output>
        </test-method> <!-- testSimpleForm -->
        <test-method signature="testSimpleForm(java.util.List)[pri:0, instance:activities.TestActivity5@489115ef]" started-at="2026-04-15T16:44:24 IST" name="testSimpleForm" data-provider="Users" finished-at="2026-04-15T16:44:25 IST" duration-ms="999" status="PASS">
          <params>
            <param index="0">
              <value>
                <![CDATA[[Lahri Rath, lahri.rath@example.com, "2025-10-15", Holiday]]]>
              </value>
            </param>
          </params>
          <reporter-output>
          </reporter-output>
        </test-method> <!-- testSimpleForm -->
        <test-method signature="verifyPageTitle()[pri:0, instance:activities.TestActivity5@489115ef]" started-at="2026-04-15T16:44:25 IST" name="verifyPageTitle" finished-at="2026-04-15T16:44:25 IST" duration-ms="6" status="PASS">
          <reporter-output>
          </reporter-output>
        </test-method> <!-- verifyPageTitle -->
        <test-method is-config="true" signature="tearDown()[pri:0, instance:activities.TestActivity5@489115ef]" started-at="2026-04-15T16:44:25 IST" name="tearDown" finished-at="2026-04-15T16:44:26 IST" duration-ms="1066" status="PASS">
          <reporter-output>
          </reporter-output>
        </test-method> <!-- tearDown -->
      </class> <!-- activities.TestActivity5 -->
    </test> <!-- Default test -->
  </suite> <!-- Default suite -->
</testng-results>
