<?xml version="1.0" encoding="UTF-8"?>
<!-- Generated by org.testng.reporters.JUnitXMLReporter -->
<testsuite ignored="6" hostname="IBM-25NRR24" failures="0" tests="1" name="Default test" time="10.391" errors="0" timestamp="2026-04-17T16:32:45 IST">
  <testcase classname="HRM.directory" name="verifyPageTitle" time="0.109"/>
  <testcase classname="HRM.directory" name="checkValidCredentils" time="0.0">
    <ignored/>
  </testcase> <!-- checkValidCredentils -->
  <testcase classname="HRM.directory" name="tearDown" time="0.0">
    <ignored/>
  </testcase> <!-- tearDown -->
  <testcase classname="HRM.directory" name="emergencycontactdetails" time="0.0">
    <ignored/>
  </testcase> <!-- emergencycontactdetails -->
  <testcase classname="HRM.directory" name="dashboard" time="0.0">
    <ignored/>
  </testcase> <!-- dashboard -->
  <testcase classname="HRM.directory" name="navigatetodirectory" time="0.0">
    <ignored/>
  </testcase> <!-- navigatetodirectory -->
  <testcase classname="HRM.directory" name="myinfo" time="0.0">
    <ignored/>
  </testcase> <!-- myinfo -->
</testsuite> <!-- Default test -->
